{"/home/glucozodev/Projects/React-Webpack-Base/src/views/pages/Register/index.tsx": {"path":"/home/glucozodev/Projects/React-Webpack-Base/src/views/pages/Register/index.tsx","statementMap":{"0":{"start":{"line":1,"column":0},"end":{"line":1,"column":40}},"1":{"start":{"line":2,"column":0},"end":{"line":2,"column":60}},"2":{"start":{"line":5,"column":26},"end":{"line":5,"column":78}},"3":{"start":{"line":6,"column":19},"end":{"line":9,"column":3}},"4":{"start":{"line":7,"column":4},"end":{"line":7,"column":36}},"5":{"start":{"line":8,"column":4},"end":{"line":8,"column":20}},"6":{"start":{"line":11,"column":25},"end":{"line":13,"column":3}},"7":{"start":{"line":12,"column":4},"end":{"line":12,"column":38}},"8":{"start":{"line":15,"column":28},"end":{"line":15,"column":53}},"9":{"start":{"line":17,"column":22},"end":{"line":19,"column":3}},"10":{"start":{"line":18,"column":4},"end":{"line":18,"column":38}},"11":{"start":{"line":21,"column":2},"end":{"line":80,"column":4}},"12":{"start":{"line":4,"column":0},"end":{"line":4,"column":24}}},"fnMap":{"0":{"name":"Register","decl":{"start":{"line":4,"column":24},"end":{"line":4,"column":32}},"loc":{"start":{"line":4,"column":32},"end":{"line":81,"column":1}}},"1":{"name":"(anonymous_7)","decl":{"start":{"line":6,"column":19},"end":{"line":6,"column":20}},"loc":{"start":{"line":6,"column":35},"end":{"line":9,"column":3}}},"2":{"name":"(anonymous_8)","decl":{"start":{"line":11,"column":25},"end":{"line":11,"column":26}},"loc":{"start":{"line":11,"column":44},"end":{"line":13,"column":3}}},"3":{"name":"(anonymous_9)","decl":{"start":{"line":17,"column":22},"end":{"line":17,"column":25}},"loc":{"start":{"line":17,"column":27},"end":{"line":19,"column":3}}}},"branchMap":{"0":{"loc":{"start":{"line":32,"column":7},"end":{"line":33,"column":null}},"type":"binary-expr","locations":[{"start":{"line":32,"column":7},"end":{"line":32,"column":21}},{"start":{"line":33,"column":8},"end":{"line":33,"column":76}}]},"1":{"loc":{"start":{"line":35,"column":7},"end":{"line":36,"column":null}},"type":"binary-expr","locations":[{"start":{"line":35,"column":7},"end":{"line":35,"column":21}},{"start":{"line":36,"column":8},"end":{"line":36,"column":76}}]}},"s":{"0":1,"1":1,"2":2,"3":2,"4":1,"5":1,"6":2,"7":0,"8":2,"9":2,"10":0,"11":2,"12":1},"f":{"0":2,"1":1,"2":0,"3":0},"b":{"0":[2,1],"1":[2,1]}}
}
